--------------- Build Started: 09/28/2016 19:24:37 Project: BLE Lab 2, Configuration: ARM GCC 4.8.4 Debug ---------------
cydsfit.exe -.appdatapath "C:\Users\Admin\AppData\Local\Cypress Semiconductor\PSoC Creator\3.1" -.fdsnotice -.fdswarpdepfile=warp_dependencies.txt -.fdselabdepfile=elab_dependencies.txt -.fdsbldfile=generated_files.txt -p "C:\Users\Admin\Desktop\GitHub\Lab-2\BLE lab 2\BLE Lab 2.cydsn\BLE Lab 2.cyprj" -d CY8C4247LQI-BL483 -s "C:\Users\Admin\Desktop\GitHub\Lab-2\BLE lab 2\BLE Lab 2.cydsn\Generated_Source\PSoC4" -- -yv2 -q10 -ygs -o2 -v3 -.fftcfgtype=LE
Elaborating Design...
HDL Generation ...
Synthesis ...
Place and Route ...
Tech mapping ...
Analog Placement ...
Analog Routing ...
Analog Code Generation ...
Digital Placement ...
Digital Routing ...
Bitstream Generation ...
Static timing analysis ...
API Generation ...
Dependency Generation ...
Clean Temporary Files ...
arm-none-eabi-gcc.exe -mcpu=cortex-m0 -mthumb -Wno-main -I. -I.\Generated_Source\PSoC4 -Wa,-alh=.\CortexM0\ARM_GCC_484\Debug/main.lst -g -D DEBUG -Wall -ffunction-sections -O0 -c .\main.c -o .\CortexM0\ARM_GCC_484\Debug\main.o
arm-none-eabi-gcc.exe -mcpu=cortex-m0 -mthumb -Wno-main -I. -I.\Generated_Source\PSoC4 -Wa,-alh=.\CortexM0\ARM_GCC_484\Debug/PWM.lst -g -D DEBUG -Wall -ffunction-sections -O0 -c .\Generated_Source\PSoC4\PWM.c -o .\CortexM0\ARM_GCC_484\Debug\PWM.o
arm-none-eabi-gcc.exe -mcpu=cortex-m0 -mthumb -Wno-main -I. -I.\Generated_Source\PSoC4 -Wa,-alh=.\CortexM0\ARM_GCC_484\Debug/PWM_PM.lst -g -D DEBUG -Wall -ffunction-sections -O0 -c .\Generated_Source\PSoC4\PWM_PM.c -o .\CortexM0\ARM_GCC_484\Debug\PWM_PM.o
arm-none-eabi-ar.exe -rs ".\CortexM0\ARM_GCC_484\Debug\BLE Lab 2.a" .\CortexM0\ARM_GCC_484\Debug\cyfitter_cfg.o .\CortexM0\ARM_GCC_484\Debug\PWM.o .\CortexM0\ARM_GCC_484\Debug\PWM_PM.o .\CortexM0\ARM_GCC_484\Debug\Pin_LED.o .\CortexM0\ARM_GCC_484\Debug\Clock.o .\CortexM0\ARM_GCC_484\Debug\BLE_1.o .\CortexM0\ARM_GCC_484\Debug\BLE_1_gatt.o .\CortexM0\ARM_GCC_484\Debug\BLE_1_ias.o .\CortexM0\ARM_GCC_484\Debug\BLE_1_eventHandler.o .\CortexM0\ARM_GCC_484\Debug\BLE_1_HAL_INT.o .\CortexM0\ARM_GCC_484\Debug\BLE_1_HAL_PVT.o .\CortexM0\ARM_GCC_484\Debug\BLE_1_bless_isr.o .\CortexM0\ARM_GCC_484\Debug\CyBootAsmGnu.o .\CortexM0\ARM_GCC_484\Debug\CyFlash.o .\CortexM0\ARM_GCC_484\Debug\CyLib.o .\CortexM0\ARM_GCC_484\Debug\cyPm.o .\CortexM0\ARM_GCC_484\Debug\cyutils.o
arm-none-eabi-ar.exe: creating .\CortexM0\ARM_GCC_484\Debug\BLE Lab 2.a
arm-none-eabi-gcc.exe -Wl,--start-group -o ".\CortexM0\ARM_GCC_484\Debug\BLE Lab 2.elf" .\CortexM0\ARM_GCC_484\Debug\main.o .\CortexM0\ARM_GCC_484\Debug\cymetadata.o .\CortexM0\ARM_GCC_484\Debug\Cm0Start.o ".\CortexM0\ARM_GCC_484\Debug\BLE Lab 2.a" "C:\Program Files (x86)\Cypress\PSoC Creator\3.1\PSoC Creator\psoc\content\cycomponentlibrary\CyComponentLibrary.cylib\BLE_v1_20\Library\gccCyBLEStack_BLE_SOC_PERIPHERAL.a" "C:\Program Files (x86)\Cypress\PSoC Creator\3.1\PSoC Creator\psoc\content\cycomponentlibrary\CyComponentLibrary.cylib\CortexM0\ARM_GCC_484\Debug\CyComponentLibrary.a" -mthumb -march=armv6-m "-Wl,-Map,.\CortexM0\ARM_GCC_484\Debug/BLE Lab 2.map" -T .\Generated_Source\PSoC4\cm0gcc.ld -g -specs=nano.specs "-u _printf_float" "" -Wl,--gc-sections -Wl,--end-group
cyelftool.exe -C "C:\Users\Admin\Desktop\GitHub\Lab-2\BLE lab 2\BLE Lab 2.cydsn\CortexM0\ARM_GCC_484\Debug\BLE Lab 2.elf" --flash_size 131072 --flash_row_size 128
cyelftool.exe -S "C:\Users\Admin\Desktop\GitHub\Lab-2\BLE lab 2\BLE Lab 2.cydsn\CortexM0\ARM_GCC_484\Debug\BLE Lab 2.elf"
Flash used: 69949 of 131072 bytes (53.4 %).
SRAM used: 11564 of 16384 bytes (70.6 %). Stack: 2048 bytes. Heap: 128 bytes.
--------------- Build Succeeded: 09/28/2016 19:24:43 ---------------
